<?xml version="1.0" encoding="UTF-8" ?>
<testsuite tests="4" failures="0" name="com.exercise.cucumber.RunCukeTest" time="0.223" errors="2" skipped="0">
  <properties>
[...]
</properties>
  <testcase classname="Return the number of  vowels in a string" name="Entering 4 string will returns a vowel count of each" time="0.168"/>
  <testcase classname="Return the number of  vowels in a string" name="Entering 4 string will returns a consonant count of each" time="0.021"/>
  <testcase classname="Return the number of  vowels in a string" name="Entering strings above the allocated limit of 4 throws and error" time="0.025">
    <error message="Exceed the number of arguments allowed. You provided 5 words." type="java.lang.RuntimeException">java.lang.RuntimeException: Exceed the number of arguments allowed. You provided 5 words.
	at com.exercise.VowelConsonantCount.getConsonantsCountForStringList(VowelConsonantCount.java:24)
	at com.exercise.stepdefinitions.StepDef.iCanSeeAnExceptionErrorThrown(StepDef.java:47)
	at ✽.I can see an &quot;Exceed the number of arguments allowed. You provided 5 words.&quot; exception error thrown.(file:///Users/mateusdasilva/Downloads/agile_qa_interview_exercise_1ca32ca/src/test/resources/features/vowelsConsonant.feature:33)
</error>
  </testcase>
  <testcase classname="Return the number of  vowels in a string" name="Entering an empty strings returns an empty array" time="0.009">
    <error type="java.lang.NullPointerException">java.lang.NullPointerException
	at com.exercise.VowelConsonantCount.getConsonantCount(VowelConsonantCount.java:40)
	at com.exercise.VowelConsonantCount.lambda$getConsonantsCountForStringList$1(VowelConsonantCount.java:27)
	at java.base/java.util.ArrayList.forEach(ArrayList.java:1541)
	at java.base/java.util.Collections$UnmodifiableCollection.forEach(Collections.java:1085)
	at com.exercise.VowelConsonantCount.getConsonantsCountForStringList(VowelConsonantCount.java:27)
	at com.exercise.stepdefinitions.StepDef.iCanSeeAnExceptionErrorThrown(StepDef.java:47)
	at ✽.I can see an &quot;java.lang.NullPointerException.&quot; exception error thrown.(file:///Users/mateusdasilva/Downloads/agile_qa_interview_exercise_1ca32ca/src/test/resources/features/vowelsConsonant.feature:40)
</error>
  </testcase>
</testsuite>